2024-03-17 06:53:42,292 - INFO - Differences saved to C:\Users\muhammad.s.safian\OneDrive - Avanade\Project\MAIN_PROJECT\3_ACCENTURE_PYTHON_DELTA\delta\deltalogs_17_03_2024.json.json
2024-03-17 06:53:42,309 - INFO - Differences saved to C:\Users\muhammad.s.safian\OneDrive - Avanade\Project\MAIN_PROJECT\3_ACCENTURE_PYTHON_DELTA\delta\Delta_17_03_2024.csv
2024-03-17 06:53:42,310 - INFO - Script execution completed successfully
2024-03-17 06:59:24,589 - INFO - Differences saved to C:\Users\muhammad.s.safian\OneDrive - Avanade\Project\MAIN_PROJECT\3_ACCENTURE_PYTHON_DELTA\delta\deltalogs_17_03_2024.json.json
2024-03-17 06:59:24,590 - ERROR - Error saving differences to JSON file: name 'today_date' is not defined
2024-03-17 06:59:24,590 - ERROR - Error in main function: name 'today_date' is not defined
2024-03-17 07:00:09,682 - INFO - Differences saved to C:\Users\muhammad.s.safian\OneDrive - Avanade\Project\MAIN_PROJECT\3_ACCENTURE_PYTHON_DELTA\delta\deltalogs_17_03_2024.json.json
2024-03-17 07:00:09,682 - ERROR - Error saving differences to JSON file: name 'today_date' is not defined
2024-03-17 07:00:09,682 - ERROR - Error in main function: name 'today_date' is not defined
2024-03-17 07:01:46,214 - INFO - Differences saved to C:\Users\muhammad.s.safian\OneDrive - Avanade\Project\MAIN_PROJECT\3_ACCENTURE_PYTHON_DELTA\delta\deltalogs_17_03_2024.json.json
2024-03-17 07:01:46,229 - INFO - Differences saved to C:\Users\muhammad.s.safian\OneDrive - Avanade\Project\MAIN_PROJECT\3_ACCENTURE_PYTHON_DELTA\delta\Delta_17_03_2024.csv
2024-03-17 07:01:46,230 - INFO - Script execution completed successfully
2024-03-17 07:02:01,887 - INFO - Differences saved to C:\Users\muhammad.s.safian\OneDrive - Avanade\Project\MAIN_PROJECT\3_ACCENTURE_PYTHON_DELTA\delta\deltalogs_17_03_2024.json.json
2024-03-17 07:02:01,901 - INFO - Differences saved to C:\Users\muhammad.s.safian\OneDrive - Avanade\Project\MAIN_PROJECT\3_ACCENTURE_PYTHON_DELTA\delta\Delta_17_03_2024.csv
2024-03-17 07:02:01,902 - INFO - Script execution completed successfully
2024-03-17 07:06:32,932 - INFO - Differences saved to C:\Users\muhammad.s.safian\OneDrive - Avanade\Project\MAIN_PROJECT\3_ACCENTURE_PYTHON_DELTA\delta\deltalogs_17_03_2024.json.json
2024-03-17 07:06:32,950 - INFO - Differences saved to C:\Users\muhammad.s.safian\OneDrive - Avanade\Project\MAIN_PROJECT\3_ACCENTURE_PYTHON_DELTA\delta\Delta_17_03_2024.csv
2024-03-17 07:06:32,951 - INFO - Script execution completed successfully
2024-03-17 07:07:44,143 - INFO - Differences saved to C:\Users\muhammad.s.safian\OneDrive - Avanade\Project\MAIN_PROJECT\3_ACCENTURE_PYTHON_DELTA\delta\deltalogs_17_03_2024.json.json
2024-03-17 07:07:44,161 - INFO - Differences saved to C:\Users\muhammad.s.safian\OneDrive - Avanade\Project\MAIN_PROJECT\3_ACCENTURE_PYTHON_DELTA\delta\Delta_17_03_2024.csv
2024-03-17 07:07:44,161 - INFO - Script execution completed successfully
2024-03-17 07:10:58,844 - INFO - Differences saved to C:\Users\muhammad.s.safian\OneDrive - Avanade\Project\MAIN_PROJECT\3_ACCENTURE_PYTHON_DELTA\delta\deltalogs_17_03_2024.json.json
2024-03-17 07:10:58,861 - INFO - Differences saved to C:\Users\muhammad.s.safian\OneDrive - Avanade\Project\MAIN_PROJECT\3_ACCENTURE_PYTHON_DELTA\delta\Delta_17_03_2024.csv
2024-03-17 07:10:58,861 - INFO - Script execution completed successfully
2024-03-17 12:43:25,709 - INFO - Differences saved to C:\Users\muhammad.s.safian\OneDrive - Avanade\Project\MAIN_PROJECT\3_ACCENTURE_PYTHON_DELTA\delta\deltalogs_17_03_2024.json.json
2024-03-17 12:43:25,724 - INFO - Differences saved to C:\Users\muhammad.s.safian\OneDrive - Avanade\Project\MAIN_PROJECT\3_ACCENTURE_PYTHON_DELTA\delta\Delta_17_03_2024.csv
2024-03-17 12:43:25,724 - INFO - Script execution completed successfully
2024-03-17 12:55:26,086 - INFO - Differences saved to C:\Users\muhammad.s.safian\OneDrive - Avanade\Project\MAIN_PROJECT\3_ACCENTURE_PYTHON_DELTA\delta\deltalogs_17_03_2024.json.json
2024-03-17 12:55:26,109 - INFO - Differences saved to C:\Users\muhammad.s.safian\OneDrive - Avanade\Project\MAIN_PROJECT\3_ACCENTURE_PYTHON_DELTA\delta\Delta_17_03_2024.csv
2024-03-17 12:55:26,110 - INFO - Script execution completed successfully
2024-03-18 10:03:37,764 - INFO - Differences saved to C:\Users\muhammad.s.safian\OneDrive - Avanade\Project\MAIN_PROJECT\3_ACCENTURE_PYTHON_DELTA\delta\deltalogs_18_03_2024.json.json
2024-03-18 10:03:38,933 - INFO - Differences saved to C:\Users\muhammad.s.safian\OneDrive - Avanade\Project\MAIN_PROJECT\3_ACCENTURE_PYTHON_DELTA\delta\Delta_18_03_2024.csv
2024-03-18 10:03:38,941 - INFO - Script execution completed successfully
2024-03-18 10:03:55,120 - INFO - Differences saved to C:\Users\muhammad.s.safian\OneDrive - Avanade\Project\MAIN_PROJECT\3_ACCENTURE_PYTHON_DELTA\delta\deltalogs_18_03_2024.json.json
2024-03-18 10:04:09,643 - INFO - Differences saved to C:\Users\muhammad.s.safian\OneDrive - Avanade\Project\MAIN_PROJECT\3_ACCENTURE_PYTHON_DELTA\delta\Delta_18_03_2024.csv
2024-03-18 10:04:09,643 - INFO - Script execution completed successfully
2024-03-18 10:10:36,857 - INFO - Differences saved to C:\Users\muhammad.s.safian\OneDrive - Avanade\Project\MAIN_PROJECT\3_ACCENTURE_PYTHON_DELTA\delta\deltalogs_18_03_2024.json.json
2024-03-18 10:10:50,496 - INFO - Differences saved to C:\Users\muhammad.s.safian\OneDrive - Avanade\Project\MAIN_PROJECT\3_ACCENTURE_PYTHON_DELTA\delta\Delta_18_03_2024.csv
2024-03-18 10:10:50,502 - INFO - Script execution completed successfully
2024-03-18 10:31:57,957 - INFO - Differences saved to C:\Users\muhammad.s.safian\OneDrive - Avanade\Project\MAIN_PROJECT\3_ACCENTURE_PYTHON_DELTA\delta\deltalogs_18_03_2024.json.json
2024-03-18 10:32:25,513 - INFO - Differences saved to C:\Users\muhammad.s.safian\OneDrive - Avanade\Project\MAIN_PROJECT\3_ACCENTURE_PYTHON_DELTA\delta\Delta_18_03_2024.csv
2024-03-18 10:32:25,545 - INFO - Script execution completed successfully
2024-03-18 10:34:19,605 - INFO - Differences saved to C:\Users\muhammad.s.safian\OneDrive - Avanade\Project\MAIN_PROJECT\3_ACCENTURE_PYTHON_DELTA\delta\deltalogs_18_03_2024.json.json
2024-03-18 10:34:52,100 - INFO - Differences saved to C:\Users\muhammad.s.safian\OneDrive - Avanade\Project\MAIN_PROJECT\3_ACCENTURE_PYTHON_DELTA\delta\Delta_18_03_2024.csv
2024-03-18 10:34:52,224 - INFO - Script execution completed successfully
2024-03-18 10:41:16,805 - INFO - Differences saved to C:\Users\muhammad.s.safian\OneDrive - Avanade\Project\MAIN_PROJECT\3_ACCENTURE_PYTHON_DELTA\delta\deltalogs_18_03_2024.json.json
2024-03-18 10:42:36,164 - INFO - Differences saved to C:\Users\muhammad.s.safian\OneDrive - Avanade\Project\MAIN_PROJECT\3_ACCENTURE_PYTHON_DELTA\delta\Delta_18_03_2024.csv
2024-03-18 10:42:36,172 - INFO - Script execution completed successfully
2024-03-18 10:47:32,516 - ERROR - No such comm target registered: jupyter.widget.control
2024-03-18 10:47:32,524 - WARNING - No such comm: af6cf445-6de7-4795-9255-cfb0062d068e
2024-03-18 11:33:34,389 - INFO - Differences saved to C:\Users\muhammad.s.safian\OneDrive - Avanade\Project\MAIN_PROJECT\3_ACCENTURE_PYTHON_DELTA\delta\deltalogs_18_03_2024.json.json
2024-03-18 11:34:28,346 - INFO - Differences saved to C:\Users\muhammad.s.safian\OneDrive - Avanade\Project\MAIN_PROJECT\3_ACCENTURE_PYTHON_DELTA\delta\Delta_18_03_2024.csv
2024-03-18 11:34:28,351 - INFO - Script execution completed successfully
2024-03-18 12:18:37,562 - ERROR - No such comm target registered: jupyter.widget.control
2024-03-18 12:18:37,574 - WARNING - No such comm: 21191b80-7d15-4027-80bd-1d0594f8b8a0
2024-03-18 12:32:14,923 - ERROR - No such comm target registered: jupyter.widget.control
2024-03-18 12:32:14,934 - WARNING - No such comm: 44e63b9e-944a-49f1-b329-af97a794446f
2024-03-18 12:48:37,061 - ERROR - No such comm target registered: jupyter.widget.control
2024-03-18 12:48:37,067 - WARNING - No such comm: 0cc7eb6b-af40-4cb1-a44f-c9629785d069
2024-03-18 13:03:19,371 - ERROR - No such comm target registered: jupyter.widget.control
2024-03-18 13:03:19,374 - WARNING - No such comm: 2ab187b2-c8bb-4cf0-95c0-d0096e49fdf1
2024-03-18 13:31:49,632 - ERROR - No such comm target registered: jupyter.widget.control
2024-03-18 13:31:49,640 - WARNING - No such comm: 4cf74193-8c24-4d91-8578-fc032341d30c
2024-03-18 17:35:06,722 - INFO - Differences saved to C:\Users\muhammad.s.safian\OneDrive - Avanade\Project\MAIN_PROJECT\3_ACCENTURE_PYTHON_DELTA\delta\deltalogs_18_03_2024.json.json
2024-03-18 17:35:43,978 - INFO - Differences saved to C:\Users\muhammad.s.safian\OneDrive - Avanade\Project\MAIN_PROJECT\3_ACCENTURE_PYTHON_DELTA\delta\Delta_18_03_2024.csv
2024-03-18 17:35:44,036 - INFO - Script execution completed successfully
2024-03-18 22:44:30,146 - ERROR - Error in main function: [WinError 3] The system cannot find the path specified: 'C:\\Users\\muhammad.s.safian\\OneDrive - Avanade\\Project\\MAIN_PROJECT\\3_ACCENTURE_PYTHON_DELTA\\delta_program_dev\\files\\17_03_2024'
2024-03-18 22:45:30,477 - INFO - Differences saved to C:\Users\muhammad.s.safian\OneDrive - Avanade\Project\MAIN_PROJECT\3_ACCENTURE_PYTHON_DELTA\delta_program_dev\delta\deltalogs_18_03_2024.json.json
2024-03-18 22:45:50,578 - INFO - Differences saved to C:\Users\muhammad.s.safian\OneDrive - Avanade\Project\MAIN_PROJECT\3_ACCENTURE_PYTHON_DELTA\delta_program_dev\delta\Delta_18_03_2024.csv
2024-03-18 22:45:50,597 - INFO - Script execution completed successfully
